\BOOKMARK [1][-]{section.1}{Introduction}{}% 1
\BOOKMARK [1][-]{section.2}{Measure theory}{}% 2
\BOOKMARK [2][-]{subsection.2.1}{Constructing measures}{section.2}% 3
\BOOKMARK [2][-]{subsection.2.2}{- systems}{section.2}% 4
\BOOKMARK [2][-]{subsection.2.3}{Complete measure spaces}{section.2}% 5
\BOOKMARK [2][-]{subsection.2.4}{Measures on Rd}{section.2}% 6
\BOOKMARK [1][-]{section.3}{Independence}{}% 7
\BOOKMARK [1][-]{section.4}{Random variables}{}% 8
\BOOKMARK [2][-]{subsection.4.1}{Equality of random variables}{section.4}% 9
\BOOKMARK [2][-]{subsection.4.2}{Convergence of measurable maps \(almost surely; in measure\)}{section.4}% 10
\BOOKMARK [2][-]{subsection.4.3}{Distribution functions}{section.4}% 11
\BOOKMARK [2][-]{subsection.4.4}{Independence of random variables}{section.4}% 12
\BOOKMARK [2][-]{subsection.4.5}{Discrete and continuous random variables}{section.4}% 13
\BOOKMARK [2][-]{subsection.4.6}{Tail -algebras}{section.4}% 14
\BOOKMARK [1][-]{section.5}{Integration and Expectation}{}% 15
\BOOKMARK [2][-]{subsection.5.1}{Simple functions}{section.5}% 16
\BOOKMARK [2][-]{subsection.5.2}{Construction of the integral}{section.5}% 17
\BOOKMARK [2][-]{subsection.5.3}{Lq spaces}{section.5}% 18
\BOOKMARK [2][-]{subsection.5.4}{Expectation and inequalities}{section.5}% 19
\BOOKMARK [2][-]{subsection.5.5}{Convergence theorems}{section.5}% 20
\BOOKMARK [1][-]{section.6}{Weak convergence}{}% 21
\BOOKMARK [2][-]{subsection.6.1}{Relation with other modes of convergence}{section.6}% 22
\BOOKMARK [1][-]{section.7}{Product Spaces}{}% 23
\BOOKMARK [1][-]{section.8}{Conditional Expectation}{}% 24
\BOOKMARK [1][-]{section.9}{Laws of large numbers}{}% 25
\BOOKMARK [1][-]{section.10}{Characteristic Functions and the Central Limit Theorem}{}% 26
\BOOKMARK [2][-]{subsection.10.1}{Characteristic functions}{section.10}% 27
\BOOKMARK [2][-]{subsection.10.2}{The Central Limit Theorem}{section.10}% 28
\BOOKMARK [2][-]{subsection.10.3}{Related topics}{section.10}% 29
\BOOKMARK [1][-]{section.11}{Martingales}{}% 30
\BOOKMARK [1][-]{section.12}{Markov chains}{}% 31
