\BOOKMARK [1][-]{section.1}{Axioms and Definitions}{}% 1
\BOOKMARK [2][-]{subsection.1.1}{Combining Topologies}{section.1}% 2
\BOOKMARK [2][-]{subsection.1.2}{Generalization of Metric Space Properties}{section.1}% 3
\BOOKMARK [2][-]{subsection.1.3}{Bases}{section.1}% 4
\BOOKMARK [1][-]{section.2}{Continuity}{}% 5
\BOOKMARK [1][-]{section.3}{Constructions}{}% 6
\BOOKMARK [2][-]{subsection.3.1}{Abstract Constructions}{section.3}% 7
\BOOKMARK [2][-]{subsection.3.2}{Concrete Constructions}{section.3}% 8
\BOOKMARK [2][-]{subsection.3.3}{Disjoint Union}{section.3}% 9
\BOOKMARK [2][-]{subsection.3.4}{Product Space}{section.3}% 10
\BOOKMARK [2][-]{subsection.3.5}{Identification Spaces}{section.3}% 11
\BOOKMARK [1][-]{section.4}{Compactness}{}% 12
\BOOKMARK [2][-]{subsection.4.1}{Tychonoff's Theorem}{section.4}% 13
\BOOKMARK [2][-]{subsection.4.2}{Locally Compact Spaces}{section.4}% 14
\BOOKMARK [1][-]{section.5}{Connectedness}{}% 15
\BOOKMARK [1][-]{section.6}{Separability}{}% 16
\BOOKMARK [2][-]{subsection.6.1}{Compactness and Hausdorff Spaces}{section.6}% 17
\BOOKMARK [1][-]{section.7}{Banach Spaces and Metric Spaces}{}% 18
\BOOKMARK [2][-]{subsection.7.1}{Banach Spaces}{section.7}% 19
\BOOKMARK [2][-]{subsection.7.2}{Compact Metric Spaces}{section.7}% 20
\BOOKMARK [1][-]{section.8}{Random Set Theory Identities}{}% 21
