\BOOKMARK [1][-]{section.1}{Background}{}% 1
\BOOKMARK [2][-]{subsection.1.1}{Smooth Manifolds}{section.1}% 2
\BOOKMARK [2][-]{subsection.1.2}{The Tangent Bundle}{section.1}% 3
\BOOKMARK [2][-]{subsection.1.3}{Partitions of Unity}{section.1}% 4
\BOOKMARK [1][-]{section.2}{Differential Forms}{}% 5
\BOOKMARK [2][-]{subsection.2.1}{1-forms}{section.2}% 6
\BOOKMARK [2][-]{subsection.2.2}{k-forms}{section.2}% 7
\BOOKMARK [2][-]{subsection.2.3}{The wedge product}{section.2}% 8
\BOOKMARK [2][-]{subsection.2.4}{The Exterior Derivative}{section.2}% 9
\BOOKMARK [2][-]{subsection.2.5}{The Lie Derivative}{section.2}% 10
\BOOKMARK [2][-]{subsection.2.6}{Summary}{section.2}% 11
\BOOKMARK [1][-]{section.3}{Integration}{}% 12
\BOOKMARK [2][-]{subsection.3.1}{Orientation}{section.3}% 13
\BOOKMARK [2][-]{subsection.3.2}{Integration}{section.3}% 14
\BOOKMARK [1][-]{section.4}{Differential forms on Riemannian manifolds}{}% 15
\BOOKMARK [2][-]{subsection.4.1}{Raising and lowering indices}{section.4}% 16
\BOOKMARK [2][-]{subsection.4.2}{The Hodge star}{section.4}% 17
\BOOKMARK [2][-]{subsection.4.3}{Volume forms}{section.4}% 18
\BOOKMARK [1][-]{section.5}{de Rham Cohomology}{}% 19
\BOOKMARK [2][-]{subsection.5.1}{Singular Cohomology}{section.5}% 20
\BOOKMARK [2][-]{subsection.5.2}{Compact cohomology}{section.5}% 21
\BOOKMARK [1][-]{section.6}{Differential forms in physics}{}% 22
\BOOKMARK [2][-]{subsection.6.1}{Electromagnetism}{section.6}% 23
\BOOKMARK [2][-]{subsection.6.2}{Relativity}{section.6}% 24
